{"/Users/bas/Documents/Programming/weatherapp4/index.ts": {"path":"/Users/bas/Documents/Programming/weatherapp4/index.ts","statementMap":{"0":{"start":{"line":8,"column":0},"end":{"line":8,"column":27}}},"fnMap":{},"branchMap":{},"s":{"0":0},"f":{},"b":{}}
,"/Users/bas/Documents/Programming/weatherapp4/src/App.tsx": {"path":"/Users/bas/Documents/Programming/weatherapp4/src/App.tsx","statementMap":{"0":{"start":{"line":7,"column":2},"end":{"line":14,"column":4}},"1":{"start":{"line":17,"column":15},"end":{"line":24,"column":2}}},"fnMap":{"0":{"name":"App","decl":{"start":{"line":6,"column":24},"end":{"line":6,"column":27}},"loc":{"start":{"line":6,"column":30},"end":{"line":15,"column":1}},"line":6}},"branchMap":{},"s":{"0":0,"1":0},"f":{"0":0},"b":{}}
,"/Users/bas/Documents/Programming/weatherapp4/src/components/CurrentWeatherDisplay.tsx": {"path":"/Users/bas/Documents/Programming/weatherapp4/src/components/CurrentWeatherDisplay.tsx","statementMap":{"0":{"start":{"line":12,"column":53},"end":{"line":25,"column":1}},"1":{"start":{"line":14,"column":26},"end":{"line":14,"column":109}},"2":{"start":{"line":14,"column":38},"end":{"line":14,"column":77}},"3":{"start":{"line":15,"column":29},"end":{"line":15,"column":131}},"4":{"start":{"line":15,"column":41},"end":{"line":15,"column":91}},"5":{"start":{"line":17,"column":4},"end":{"line":24,"column":5}},"6":{"start":{"line":27,"column":15},"end":{"line":32,"column":2}},"7":{"start":{"line":35,"column":46},"end":{"line":35,"column":78}}},"fnMap":{"0":{"name":"(anonymous_0)","decl":{"start":{"line":12,"column":53},"end":{"line":12,"column":54}},"loc":{"start":{"line":12,"column":72},"end":{"line":25,"column":1}},"line":12},"1":{"name":"(anonymous_1)","decl":{"start":{"line":14,"column":34},"end":{"line":14,"column":35}},"loc":{"start":{"line":14,"column":38},"end":{"line":14,"column":77}},"line":14},"2":{"name":"(anonymous_2)","decl":{"start":{"line":15,"column":37},"end":{"line":15,"column":38}},"loc":{"start":{"line":15,"column":41},"end":{"line":15,"column":91}},"line":15}},"branchMap":{},"s":{"0":0,"1":0,"2":0,"3":0,"4":0,"5":0,"6":0,"7":0},"f":{"0":0,"1":0,"2":0},"b":{}}
,"/Users/bas/Documents/Programming/weatherapp4/src/components/InputField.tsx": {"path":"/Users/bas/Documents/Programming/weatherapp4/src/components/InputField.tsx","statementMap":{"0":{"start":{"line":8,"column":42},"end":{"line":13,"column":1}},"1":{"start":{"line":9,"column":4},"end":{"line":12,"column":5}},"2":{"start":{"line":15,"column":15},"end":{"line":24,"column":2}}},"fnMap":{"0":{"name":"(anonymous_0)","decl":{"start":{"line":8,"column":42},"end":{"line":8,"column":43}},"loc":{"start":{"line":8,"column":71},"end":{"line":13,"column":1}},"line":8}},"branchMap":{},"s":{"0":0,"1":0,"2":0},"f":{"0":0},"b":{}}
,"/Users/bas/Documents/Programming/weatherapp4/src/components/SearchButton.tsx": {"path":"/Users/bas/Documents/Programming/weatherapp4/src/components/SearchButton.tsx","statementMap":{"0":{"start":{"line":8,"column":44},"end":{"line":13,"column":1}},"1":{"start":{"line":9,"column":4},"end":{"line":12,"column":5}},"2":{"start":{"line":15,"column":39},"end":{"line":15,"column":64}}},"fnMap":{"0":{"name":"(anonymous_0)","decl":{"start":{"line":8,"column":44},"end":{"line":8,"column":45}},"loc":{"start":{"line":8,"column":68},"end":{"line":13,"column":1}},"line":8}},"branchMap":{},"s":{"0":0,"1":0,"2":0},"f":{"0":0},"b":{}}
,"/Users/bas/Documents/Programming/weatherapp4/src/components/hoc/WithError.tsx": {"path":"/Users/bas/Documents/Programming/weatherapp4/src/components/hoc/WithError.tsx","statementMap":{"0":{"start":{"line":3,"column":25},"end":{"line":7,"column":1}},"1":{"start":{"line":4,"column":4},"end":{"line":6,"column":6}},"2":{"start":{"line":5,"column":8},"end":{"line":5,"column":94}}},"fnMap":{"0":{"name":"(anonymous_0)","decl":{"start":{"line":3,"column":25},"end":{"line":3,"column":26}},"loc":{"start":{"line":3,"column":82},"end":{"line":7,"column":1}},"line":3},"1":{"name":"(anonymous_1)","decl":{"start":{"line":4,"column":11},"end":{"line":4,"column":12}},"loc":{"start":{"line":4,"column":47},"end":{"line":6,"column":5}},"line":4}},"branchMap":{"0":{"loc":{"start":{"line":5,"column":15},"end":{"line":5,"column":93}},"type":"cond-expr","locations":[{"start":{"line":5,"column":31},"end":{"line":5,"column":61}},{"start":{"line":5,"column":64},"end":{"line":5,"column":93}}],"line":5}},"s":{"0":0,"1":0,"2":0},"f":{"0":0,"1":0},"b":{"0":[0,0]}}
,"/Users/bas/Documents/Programming/weatherapp4/src/components/hoc/WithLoading.tsx": {"path":"/Users/bas/Documents/Programming/weatherapp4/src/components/hoc/WithLoading.tsx","statementMap":{"0":{"start":{"line":3,"column":27},"end":{"line":7,"column":5}},"1":{"start":{"line":4,"column":4},"end":{"line":6,"column":6}},"2":{"start":{"line":5,"column":8},"end":{"line":5,"column":112}}},"fnMap":{"0":{"name":"(anonymous_0)","decl":{"start":{"line":3,"column":27},"end":{"line":3,"column":28}},"loc":{"start":{"line":3,"column":84},"end":{"line":7,"column":5}},"line":3},"1":{"name":"(anonymous_1)","decl":{"start":{"line":4,"column":11},"end":{"line":4,"column":12}},"loc":{"start":{"line":4,"column":49},"end":{"line":6,"column":5}},"line":4}},"branchMap":{"0":{"loc":{"start":{"line":5,"column":15},"end":{"line":5,"column":111}},"type":"cond-expr","locations":[{"start":{"line":5,"column":33},"end":{"line":5,"column":79}},{"start":{"line":5,"column":82},"end":{"line":5,"column":111}}],"line":5}},"s":{"0":0,"1":0,"2":0},"f":{"0":0,"1":0},"b":{"0":[0,0]}}
,"/Users/bas/Documents/Programming/weatherapp4/src/containers/Weather.tsx": {"path":"/Users/bas/Documents/Programming/weatherapp4/src/containers/Weather.tsx","statementMap":{"0":{"start":{"line":9,"column":32},"end":{"line":20,"column":1}},"1":{"start":{"line":10,"column":88},"end":{"line":10,"column":100}},"2":{"start":{"line":12,"column":4},"end":{"line":19,"column":6}},"3":{"start":{"line":22,"column":15},"end":{"line":28,"column":2}}},"fnMap":{"0":{"name":"(anonymous_0)","decl":{"start":{"line":9,"column":32},"end":{"line":9,"column":33}},"loc":{"start":{"line":9,"column":38},"end":{"line":20,"column":1}},"line":9}},"branchMap":{},"s":{"0":0,"1":0,"2":0,"3":0},"f":{"0":0},"b":{}}
,"/Users/bas/Documents/Programming/weatherapp4/src/context/WeatherContext.tsx": {"path":"/Users/bas/Documents/Programming/weatherapp4/src/context/WeatherContext.tsx","statementMap":{"0":{"start":{"line":6,"column":16},"end":{"line":6,"column":47}},"1":{"start":{"line":7,"column":15},"end":{"line":7,"column":47}},"2":{"start":{"line":9,"column":19},"end":{"line":9,"column":52}},"3":{"start":{"line":11,"column":26},"end":{"line":11,"column":51}},"4":{"start":{"line":13,"column":36},"end":{"line":18,"column":1}},"5":{"start":{"line":14,"column":4},"end":{"line":16,"column":5}},"6":{"start":{"line":15,"column":8},"end":{"line":15,"column":45}},"7":{"start":{"line":17,"column":4},"end":{"line":17,"column":72}},"8":{"start":{"line":21,"column":67},"end":{"line":29,"column":1}},"9":{"start":{"line":23,"column":4},"end":{"line":27,"column":5}}},"fnMap":{"0":{"name":"(anonymous_0)","decl":{"start":{"line":13,"column":36},"end":{"line":13,"column":37}},"loc":{"start":{"line":13,"column":42},"end":{"line":18,"column":1}},"line":13},"1":{"name":"(anonymous_1)","decl":{"start":{"line":21,"column":67},"end":{"line":21,"column":68}},"loc":{"start":{"line":21,"column":83},"end":{"line":29,"column":1}},"line":21}},"branchMap":{"0":{"loc":{"start":{"line":14,"column":4},"end":{"line":16,"column":5}},"type":"if","locations":[{"start":{"line":14,"column":4},"end":{"line":16,"column":5}},{"start":{},"end":{}}],"line":14}},"s":{"0":0,"1":0,"2":0,"3":0,"4":0,"5":0,"6":0,"7":0,"8":0,"9":0},"f":{"0":0,"1":0},"b":{"0":[0,0]}}
,"/Users/bas/Documents/Programming/weatherapp4/src/hooks/useWeather.ts": {"path":"/Users/bas/Documents/Programming/weatherapp4/src/hooks/useWeather.ts","statementMap":{"0":{"start":{"line":7,"column":26},"end":{"line":34,"column":5}},"1":{"start":{"line":8,"column":46},"end":{"line":8,"column":91}},"2":{"start":{"line":9,"column":40},"end":{"line":9,"column":60}},"3":{"start":{"line":10,"column":27},"end":{"line":10,"column":49}},"4":{"start":{"line":12,"column":42},"end":{"line":12,"column":57}},"5":{"start":{"line":13,"column":38},"end":{"line":13,"column":53}},"6":{"start":{"line":15,"column":33},"end":{"line":31,"column":21}},"7":{"start":{"line":16,"column":12},"end":{"line":16,"column":31}},"8":{"start":{"line":17,"column":12},"end":{"line":17,"column":30}},"9":{"start":{"line":18,"column":12},"end":{"line":30,"column":13}},"10":{"start":{"line":19,"column":36},"end":{"line":19,"column":80}},"11":{"start":{"line":20,"column":16},"end":{"line":20,"column":41}},"12":{"start":{"line":22,"column":16},"end":{"line":24,"column":17}},"13":{"start":{"line":23,"column":20},"end":{"line":23,"column":48}},"14":{"start":{"line":26,"column":16},"end":{"line":26,"column":33}},"15":{"start":{"line":27,"column":16},"end":{"line":27,"column":35}},"16":{"start":{"line":29,"column":16},"end":{"line":29,"column":36}},"17":{"start":{"line":33,"column":8},"end":{"line":33,"column":90}}},"fnMap":{"0":{"name":"(anonymous_0)","decl":{"start":{"line":7,"column":26},"end":{"line":7,"column":27}},"loc":{"start":{"line":7,"column":32},"end":{"line":34,"column":5}},"line":7},"1":{"name":"(anonymous_1)","decl":{"start":{"line":15,"column":45},"end":{"line":15,"column":46}},"loc":{"start":{"line":15,"column":58},"end":{"line":31,"column":9}},"line":15}},"branchMap":{"0":{"loc":{"start":{"line":22,"column":16},"end":{"line":24,"column":17}},"type":"if","locations":[{"start":{"line":22,"column":16},"end":{"line":24,"column":17}},{"start":{},"end":{}}],"line":22}},"s":{"0":0,"1":0,"2":0,"3":0,"4":0,"5":0,"6":0,"7":0,"8":0,"9":0,"10":0,"11":0,"12":0,"13":0,"14":0,"15":0,"16":0,"17":0},"f":{"0":0,"1":0},"b":{"0":[0,0]}}
,"/Users/bas/Documents/Programming/weatherapp4/src/services/httpAdapter.ts": {"path":"/Users/bas/Documents/Programming/weatherapp4/src/services/httpAdapter.ts","statementMap":{"0":{"start":{"line":9,"column":4},"end":{"line":9,"column":27}},"1":{"start":{"line":10,"column":4},"end":{"line":10,"column":25}},"2":{"start":{"line":11,"column":4},"end":{"line":14,"column":6}},"3":{"start":{"line":18,"column":24},"end":{"line":21,"column":6}},"4":{"start":{"line":23,"column":16},"end":{"line":23,"column":70}},"5":{"start":{"line":25,"column":4},"end":{"line":39,"column":5}},"6":{"start":{"line":26,"column":23},"end":{"line":29,"column":8}},"7":{"start":{"line":31,"column":6},"end":{"line":33,"column":7}},"8":{"start":{"line":32,"column":8},"end":{"line":32,"column":66}},"9":{"start":{"line":35,"column":6},"end":{"line":35,"column":42}},"10":{"start":{"line":37,"column":6},"end":{"line":37,"column":52}},"11":{"start":{"line":38,"column":6},"end":{"line":38,"column":18}}},"fnMap":{"0":{"name":"(anonymous_0)","decl":{"start":{"line":8,"column":2},"end":{"line":8,"column":3}},"loc":{"start":{"line":8,"column":74},"end":{"line":15,"column":3}},"line":8},"1":{"name":"(anonymous_1)","decl":{"start":{"line":17,"column":2},"end":{"line":17,"column":3}},"loc":{"start":{"line":17,"column":91},"end":{"line":40,"column":3}},"line":17}},"branchMap":{"0":{"loc":{"start":{"line":8,"column":47},"end":{"line":8,"column":72}},"type":"default-arg","locations":[{"start":{"line":8,"column":70},"end":{"line":8,"column":72}}],"line":8},"1":{"loc":{"start":{"line":17,"column":33},"end":{"line":17,"column":77}},"type":"default-arg","locations":[{"start":{"line":17,"column":75},"end":{"line":17,"column":77}}],"line":17},"2":{"loc":{"start":{"line":31,"column":6},"end":{"line":33,"column":7}},"type":"if","locations":[{"start":{"line":31,"column":6},"end":{"line":33,"column":7}},{"start":{},"end":{}}],"line":31}},"s":{"0":0,"1":0,"2":0,"3":0,"4":0,"5":0,"6":0,"7":0,"8":0,"9":0,"10":0,"11":0},"f":{"0":0,"1":0},"b":{"0":[0],"1":[0],"2":[0,0]}}
,"/Users/bas/Documents/Programming/weatherapp4/src/services/weatherApi/weatherApi.ts": {"path":"/Users/bas/Documents/Programming/weatherapp4/src/services/weatherApi/weatherApi.ts","statementMap":{"0":{"start":{"line":6,"column":4},"end":{"line":6,"column":27}},"1":{"start":{"line":10,"column":8},"end":{"line":10,"column":80}}},"fnMap":{"0":{"name":"(anonymous_0)","decl":{"start":{"line":5,"column":2},"end":{"line":5,"column":3}},"loc":{"start":{"line":5,"column":68},"end":{"line":7,"column":3}},"line":5},"1":{"name":"(anonymous_1)","decl":{"start":{"line":9,"column":4},"end":{"line":9,"column":5}},"loc":{"start":{"line":9,"column":46},"end":{"line":11,"column":5}},"line":9}},"branchMap":{},"s":{"0":0,"1":0},"f":{"0":0,"1":0},"b":{}}
,"/Users/bas/Documents/Programming/weatherapp4/src/services/weatherApi/weatherTypes.ts": {"path":"/Users/bas/Documents/Programming/weatherapp4/src/services/weatherApi/weatherTypes.ts","statementMap":{},"fnMap":{},"branchMap":{},"s":{},"f":{},"b":{}}
,"/Users/bas/Documents/Programming/weatherapp4/src/utils/formatTemp.ts": {"path":"/Users/bas/Documents/Programming/weatherapp4/src/utils/formatTemp.ts","statementMap":{"0":{"start":{"line":3,"column":26},"end":{"line":6,"column":1}},"1":{"start":{"line":4,"column":4},"end":{"line":4,"column":55}},"2":{"start":{"line":4,"column":45},"end":{"line":4,"column":55}},"3":{"start":{"line":5,"column":4},"end":{"line":5,"column":42}}},"fnMap":{"0":{"name":"(anonymous_0)","decl":{"start":{"line":3,"column":26},"end":{"line":3,"column":27}},"loc":{"start":{"line":3,"column":58},"end":{"line":6,"column":1}},"line":3}},"branchMap":{"0":{"loc":{"start":{"line":4,"column":4},"end":{"line":4,"column":55}},"type":"if","locations":[{"start":{"line":4,"column":4},"end":{"line":4,"column":55}},{"start":{},"end":{}}],"line":4},"1":{"loc":{"start":{"line":4,"column":8},"end":{"line":4,"column":43}},"type":"binary-expr","locations":[{"start":{"line":4,"column":8},"end":{"line":4,"column":20}},{"start":{"line":4,"column":24},"end":{"line":4,"column":43}}],"line":4}},"s":{"0":1,"1":6,"2":2,"3":4},"f":{"0":6},"b":{"0":[2,4],"1":[6,4]},"_coverageSchema":"1a1c01bbd47fc00a2c39e90264f33305004495a9","hash":"3aae0c29889486be1ea970eacd6a3f347ceb0355"}
,"/Users/bas/Documents/Programming/weatherapp4/src/utils/formattedIconUrl.ts": {"path":"/Users/bas/Documents/Programming/weatherapp4/src/utils/formattedIconUrl.ts","statementMap":{"0":{"start":{"line":3,"column":29},"end":{"line":5,"column":1}},"1":{"start":{"line":4,"column":4},"end":{"line":4,"column":27}}},"fnMap":{"0":{"name":"(anonymous_0)","decl":{"start":{"line":3,"column":29},"end":{"line":3,"column":30}},"loc":{"start":{"line":3,"column":54},"end":{"line":5,"column":1}},"line":3}},"branchMap":{},"s":{"0":0,"1":0},"f":{"0":0},"b":{}}
}
